Arguments: 
  G:\NODE安装说明\node.exe C:\Users\Administrator\AppData\Roaming\npm\node_modules\yarn\bin\yarn.js

PATH: 
  C:\Windows\system32;C:\Windows;C:\Windows\System32\Wbem;C:\Windows\System32\WindowsPowerShell\v1.0\;G:\Git\Git\cmd;G:\NODE安装说明\;C:\Users\Administrator\AppData\Roaming\npm

Yarn version: 
  0.24.5

Node version: 
  8.1.2

Platform: 
  win32 x64

npm manifest: 
  {
    "name": "webpackTest1",
    "version": "1.0.0",
    "description": "",
    "main": "main.js",
    "scripts": {
      "test": "echo \"Error: no test specified\" && exit 1"
    },
    "keywords": [],
    "author": "",
    "license": "ISC",
    "dependencies": {
      "es6-promise": "^4.1.1",
      "history": "^4.6.3",
      "koa": "^2.3.0",
      "koa-bodyparser": "^4.2.0",
      "koa-cors": "^0.0.16",
      "koa-router": "^7.2.1",
      "nodemon": "^1.11.0",
      "react": "^15.6.1",
      "react-addons-css-transition-group": "^15.6.0",
      "react-dom": "^15.6.1",
      "react-redux": "^5.0.5",
      "react-router-dom": "^4.1.1",
      "react-router-redux": "next",
      "redux": "^3.7.2",
      "redux-thunk": "^2.2.0",
      "whatwg-fetch": "^2.0.3"
    },
    "devDependencies": {
      "babel-core": "^6.25.0",
      "babel-loader": "^7.1.1",
      "babel-plugin-transform-decorators-legacy": "^1.3.4",
      "babel-preset-es2015": "^6.24.1",
      "babel-preset-react": "^6.24.1",
      "babel-preset-stage-0": "^6.24.1",
      "css-loader": "^0.28.4",
      "file-loader": "^0.11.2",
      "html-webpack-plugin": "^2.29.0",
      "less": "^2.7.2",
      "less-loader": "^4.0.5",
      "react-swipe": "^5.0.8",
      "style-loader": "^0.18.2",
      "swipe-js-iso": "^2.0.3",
      "url-loader": "^0.5.9",
      "webpack": "^3.2.0",
      "webpack-dev-server": "^2.5.1"
    }
  }

yarn manifest: 
  No manifest

Lockfile: 
  No lockfile

Trace: 
  Error: connect ETIMEDOUT 104.16.60.173:443
      at Object.exports._errnoException (util.js:1016:11)
      at exports._exceptionWithHostPort (util.js:1039:20)
      at TCPConnectWrap.afterConnect [as oncomplete] (net.js:1138:14)
